<?xml version="1.0" encoding="UTF-8"?>
<!-- Generated by org.testng.reporters.JUnitReportReporter -->
<testsuite hostname="Shiva_9686" failures="0" tests="1" name="com.actiTime.Testscript.DemoAssertion" time="5.713" errors="0" timestamp="2024-09-26T20:24:35 IST" skipped="0">
  <testcase classname="com.actiTime.Testscript.DemoAssertion" name="verifyTitle" time="5.713"/>
  <system-out>
    <![CDATA[Title is not matching and pass]]>
  </system-out>
</testsuite> <!-- com.actiTime.Testscript.DemoAssertion -->
