<?xml version="1.0" encoding="UTF-8"?>
<!-- Generated by org.testng.reporters.JUnitReportReporter -->
<testsuite hostname="Shiva_9686" failures="0" tests="5" name="com.actiTime.Testscript.CreateModule" time="0.016" errors="0" timestamp="2024-09-27T16:12:48 IST" skipped="0">
  <testcase classname="com.actiTime.Testscript.CreateModule" name="createCustomer" time="0.001"/>
  <system-out>
    <![CDATA[createcustomer]]>
  </system-out>
  <testcase classname="com.actiTime.Testscript.CreateModule" name="createCustomer" time="0.001"/>
  <system-out>
    <![CDATA[createcustomer]]>
  </system-out>
  <testcase classname="com.actiTime.Testscript.CreateModule" name="createCustomer" time="0.012"/>
  <system-out>
    <![CDATA[createcustomer]]>
  </system-out>
  <testcase classname="com.actiTime.Testscript.CreateModule" name="modifyCustomer" time="0.001"/>
  <system-out>
    <![CDATA[modifyCustomer]]>
  </system-out>
  <testcase classname="com.actiTime.Testscript.CreateModule" name="deleteCustomer" time="0.001"/>
  <system-out>
    <![CDATA[deleteCustomer]]>
  </system-out>
</testsuite> <!-- com.actiTime.Testscript.CreateModule -->
